{"/home/genaro/Desktop/304CEM/304CEM-BACKEND-DEVELOPMENT-GenaroBedenko-7060234/modules/database.js": {"path":"/home/genaro/Desktop/304CEM/304CEM-BACKEND-DEVELOPMENT-GenaroBedenko-7060234/modules/database.js","statementMap":{"0":{"start":{"line":4,"column":20},"end":{"line":4,"column":50}},"1":{"start":{"line":5,"column":16},"end":{"line":5,"column":34}},"2":{"start":{"line":7,"column":22},"end":{"line":7,"column":40}},"3":{"start":{"line":10,"column":0},"end":{"line":27,"column":2}},"4":{"start":{"line":10,"column":83},"end":{"line":27,"column":2}},"5":{"start":{"line":12,"column":4},"end":{"line":12,"column":110}},"6":{"start":{"line":16,"column":4},"end":{"line":26,"column":9}},"7":{"start":{"line":18,"column":18},"end":{"line":18,"column":38}},"8":{"start":{"line":20,"column":8},"end":{"line":25,"column":11}},"9":{"start":{"line":22,"column":12},"end":{"line":22,"column":120}},"10":{"start":{"line":23,"column":12},"end":{"line":23,"column":23}},"11":{"start":{"line":24,"column":12},"end":{"line":24,"column":25}},"12":{"start":{"line":30,"column":0},"end":{"line":50,"column":2}},"13":{"start":{"line":30,"column":73},"end":{"line":50,"column":2}},"14":{"start":{"line":34,"column":4},"end":{"line":49,"column":7}},"15":{"start":{"line":37,"column":8},"end":{"line":37,"column":28}},"16":{"start":{"line":37,"column":17},"end":{"line":37,"column":28}},"17":{"start":{"line":40,"column":18},"end":{"line":40,"column":38}},"18":{"start":{"line":44,"column":8},"end":{"line":48,"column":11}},"19":{"start":{"line":45,"column":12},"end":{"line":45,"column":32}},"20":{"start":{"line":45,"column":21},"end":{"line":45,"column":32}},"21":{"start":{"line":46,"column":12},"end":{"line":46,"column":22}},"22":{"start":{"line":47,"column":12},"end":{"line":47,"column":27}},"23":{"start":{"line":54,"column":0},"end":{"line":68,"column":2}},"24":{"start":{"line":54,"column":84},"end":{"line":68,"column":2}},"25":{"start":{"line":56,"column":4},"end":{"line":67,"column":6}},"26":{"start":{"line":58,"column":8},"end":{"line":58,"column":28}},"27":{"start":{"line":58,"column":17},"end":{"line":58,"column":28}},"28":{"start":{"line":60,"column":18},"end":{"line":60,"column":38}},"29":{"start":{"line":62,"column":8},"end":{"line":66,"column":10}},"30":{"start":{"line":63,"column":12},"end":{"line":63,"column":32}},"31":{"start":{"line":63,"column":21},"end":{"line":63,"column":32}},"32":{"start":{"line":64,"column":12},"end":{"line":64,"column":22}},"33":{"start":{"line":65,"column":12},"end":{"line":65,"column":27}},"34":{"start":{"line":71,"column":0},"end":{"line":87,"column":2}},"35":{"start":{"line":71,"column":91},"end":{"line":87,"column":2}},"36":{"start":{"line":75,"column":4},"end":{"line":86,"column":6}},"37":{"start":{"line":77,"column":8},"end":{"line":77,"column":28}},"38":{"start":{"line":77,"column":17},"end":{"line":77,"column":28}},"39":{"start":{"line":78,"column":18},"end":{"line":78,"column":38}},"40":{"start":{"line":80,"column":8},"end":{"line":85,"column":10}},"41":{"start":{"line":81,"column":12},"end":{"line":81,"column":32}},"42":{"start":{"line":81,"column":21},"end":{"line":81,"column":32}},"43":{"start":{"line":82,"column":12},"end":{"line":82,"column":79}},"44":{"start":{"line":83,"column":12},"end":{"line":83,"column":22}},"45":{"start":{"line":84,"column":12},"end":{"line":84,"column":25}},"46":{"start":{"line":90,"column":0},"end":{"line":106,"column":2}},"47":{"start":{"line":90,"column":72},"end":{"line":106,"column":2}},"48":{"start":{"line":94,"column":4},"end":{"line":105,"column":7}},"49":{"start":{"line":96,"column":8},"end":{"line":96,"column":28}},"50":{"start":{"line":96,"column":17},"end":{"line":96,"column":28}},"51":{"start":{"line":97,"column":18},"end":{"line":97,"column":38}},"52":{"start":{"line":99,"column":8},"end":{"line":104,"column":11}},"53":{"start":{"line":100,"column":12},"end":{"line":100,"column":32}},"54":{"start":{"line":100,"column":21},"end":{"line":100,"column":32}},"55":{"start":{"line":101,"column":12},"end":{"line":101,"column":79}},"56":{"start":{"line":102,"column":12},"end":{"line":102,"column":22}},"57":{"start":{"line":103,"column":12},"end":{"line":103,"column":25}}},"fnMap":{"0":{"name":"(anonymous_0)","decl":{"start":{"line":10,"column":34},"end":{"line":10,"column":35}},"loc":{"start":{"line":10,"column":83},"end":{"line":27,"column":2}},"line":10},"1":{"name":"(anonymous_1)","decl":{"start":{"line":10,"column":95},"end":{"line":10,"column":96}},"loc":{"start":{"line":10,"column":116},"end":{"line":27,"column":1}},"line":10},"2":{"name":"(anonymous_2)","decl":{"start":{"line":16,"column":38},"end":{"line":16,"column":39}},"loc":{"start":{"line":16,"column":51},"end":{"line":26,"column":7}},"line":16},"3":{"name":"(anonymous_3)","decl":{"start":{"line":20,"column":64},"end":{"line":20,"column":65}},"loc":{"start":{"line":20,"column":78},"end":{"line":25,"column":9}},"line":20},"4":{"name":"(anonymous_4)","decl":{"start":{"line":30,"column":31},"end":{"line":30,"column":32}},"loc":{"start":{"line":30,"column":73},"end":{"line":50,"column":2}},"line":30},"5":{"name":"(anonymous_5)","decl":{"start":{"line":30,"column":85},"end":{"line":30,"column":86}},"loc":{"start":{"line":30,"column":106},"end":{"line":50,"column":1}},"line":30},"6":{"name":"(anonymous_6)","decl":{"start":{"line":34,"column":38},"end":{"line":34,"column":39}},"loc":{"start":{"line":34,"column":51},"end":{"line":49,"column":5}},"line":34},"7":{"name":"(anonymous_7)","decl":{"start":{"line":44,"column":60},"end":{"line":44,"column":61}},"loc":{"start":{"line":44,"column":77},"end":{"line":48,"column":9}},"line":44},"8":{"name":"(anonymous_8)","decl":{"start":{"line":54,"column":36},"end":{"line":54,"column":37}},"loc":{"start":{"line":54,"column":84},"end":{"line":68,"column":2}},"line":54},"9":{"name":"(anonymous_9)","decl":{"start":{"line":54,"column":96},"end":{"line":54,"column":97}},"loc":{"start":{"line":54,"column":117},"end":{"line":68,"column":1}},"line":54},"10":{"name":"(anonymous_10)","decl":{"start":{"line":56,"column":38},"end":{"line":56,"column":39}},"loc":{"start":{"line":56,"column":51},"end":{"line":67,"column":5}},"line":56},"11":{"name":"(anonymous_11)","decl":{"start":{"line":62,"column":92},"end":{"line":62,"column":93}},"loc":{"start":{"line":62,"column":109},"end":{"line":66,"column":9}},"line":62},"12":{"name":"(anonymous_12)","decl":{"start":{"line":71,"column":25},"end":{"line":71,"column":26}},"loc":{"start":{"line":71,"column":91},"end":{"line":87,"column":2}},"line":71},"13":{"name":"(anonymous_13)","decl":{"start":{"line":71,"column":103},"end":{"line":71,"column":104}},"loc":{"start":{"line":71,"column":124},"end":{"line":87,"column":1}},"line":71},"14":{"name":"(anonymous_14)","decl":{"start":{"line":75,"column":38},"end":{"line":75,"column":39}},"loc":{"start":{"line":75,"column":51},"end":{"line":86,"column":5}},"line":75},"15":{"name":"(anonymous_15)","decl":{"start":{"line":80,"column":117},"end":{"line":80,"column":118}},"loc":{"start":{"line":80,"column":131},"end":{"line":85,"column":9}},"line":80},"16":{"name":"(anonymous_16)","decl":{"start":{"line":90,"column":25},"end":{"line":90,"column":26}},"loc":{"start":{"line":90,"column":72},"end":{"line":106,"column":2}},"line":90},"17":{"name":"(anonymous_17)","decl":{"start":{"line":90,"column":84},"end":{"line":90,"column":85}},"loc":{"start":{"line":90,"column":105},"end":{"line":106,"column":1}},"line":90},"18":{"name":"(anonymous_18)","decl":{"start":{"line":94,"column":38},"end":{"line":94,"column":39}},"loc":{"start":{"line":94,"column":51},"end":{"line":105,"column":5}},"line":94},"19":{"name":"(anonymous_19)","decl":{"start":{"line":99,"column":91},"end":{"line":99,"column":92}},"loc":{"start":{"line":99,"column":105},"end":{"line":104,"column":9}},"line":99}},"branchMap":{"0":{"loc":{"start":{"line":37,"column":8},"end":{"line":37,"column":28}},"type":"if","locations":[{"start":{"line":37,"column":8},"end":{"line":37,"column":28}},{"start":{"line":37,"column":8},"end":{"line":37,"column":28}}],"line":37},"1":{"loc":{"start":{"line":45,"column":12},"end":{"line":45,"column":32}},"type":"if","locations":[{"start":{"line":45,"column":12},"end":{"line":45,"column":32}},{"start":{"line":45,"column":12},"end":{"line":45,"column":32}}],"line":45},"2":{"loc":{"start":{"line":58,"column":8},"end":{"line":58,"column":28}},"type":"if","locations":[{"start":{"line":58,"column":8},"end":{"line":58,"column":28}},{"start":{"line":58,"column":8},"end":{"line":58,"column":28}}],"line":58},"3":{"loc":{"start":{"line":63,"column":12},"end":{"line":63,"column":32}},"type":"if","locations":[{"start":{"line":63,"column":12},"end":{"line":63,"column":32}},{"start":{"line":63,"column":12},"end":{"line":63,"column":32}}],"line":63},"4":{"loc":{"start":{"line":77,"column":8},"end":{"line":77,"column":28}},"type":"if","locations":[{"start":{"line":77,"column":8},"end":{"line":77,"column":28}},{"start":{"line":77,"column":8},"end":{"line":77,"column":28}}],"line":77},"5":{"loc":{"start":{"line":81,"column":12},"end":{"line":81,"column":32}},"type":"if","locations":[{"start":{"line":81,"column":12},"end":{"line":81,"column":32}},{"start":{"line":81,"column":12},"end":{"line":81,"column":32}}],"line":81},"6":{"loc":{"start":{"line":96,"column":8},"end":{"line":96,"column":28}},"type":"if","locations":[{"start":{"line":96,"column":8},"end":{"line":96,"column":28}},{"start":{"line":96,"column":8},"end":{"line":96,"column":28}}],"line":96},"7":{"loc":{"start":{"line":100,"column":12},"end":{"line":100,"column":32}},"type":"if","locations":[{"start":{"line":100,"column":12},"end":{"line":100,"column":32}},{"start":{"line":100,"column":12},"end":{"line":100,"column":32}}],"line":100}},"s":{"0":2,"1":2,"2":2,"3":2,"4":5,"5":5,"6":5,"7":5,"8":5,"9":5,"10":5,"11":5,"12":2,"13":7,"14":7,"15":7,"16":0,"17":7,"18":7,"19":7,"20":0,"21":7,"22":7,"23":2,"24":1,"25":1,"26":1,"27":0,"28":1,"29":1,"30":1,"31":0,"32":1,"33":1,"34":2,"35":1,"36":1,"37":1,"38":0,"39":1,"40":1,"41":1,"42":0,"43":1,"44":1,"45":1,"46":2,"47":6,"48":6,"49":5,"50":0,"51":5,"52":5,"53":5,"54":0,"55":5,"56":5,"57":5},"f":{"0":5,"1":5,"2":5,"3":5,"4":7,"5":7,"6":7,"7":7,"8":1,"9":1,"10":1,"11":1,"12":1,"13":1,"14":1,"15":1,"16":6,"17":6,"18":5,"19":5},"b":{"0":[0,7],"1":[0,7],"2":[0,1],"3":[0,1],"4":[0,1],"5":[0,1],"6":[0,5],"7":[0,5]},"_coverageSchema":"332fd63041d2c1bcb487cc26dd0d5f7d97098a6c","hash":"8a45d828e5c50f03ad3606c24b637e76614d7387"}
,"/home/genaro/Desktop/304CEM/304CEM-BACKEND-DEVELOPMENT-GenaroBedenko-7060234/modules/recipes-controller.js": {"path":"/home/genaro/Desktop/304CEM/304CEM-BACKEND-DEVELOPMENT-GenaroBedenko-7060234/modules/recipes-controller.js","statementMap":{"0":{"start":{"line":1,"column":21},"end":{"line":1,"column":62}},"1":{"start":{"line":2,"column":27},"end":{"line":2,"column":36}},"2":{"start":{"line":4,"column":17},"end":{"line":4,"column":38}},"3":{"start":{"line":7,"column":0},"end":{"line":16,"column":1}},"4":{"start":{"line":9,"column":20},"end":{"line":11,"column":57}},"5":{"start":{"line":10,"column":42},"end":{"line":10,"column":48}},"6":{"start":{"line":11,"column":40},"end":{"line":11,"column":56}},"7":{"start":{"line":13,"column":28},"end":{"line":13,"column":43}},"8":{"start":{"line":15,"column":4},"end":{"line":15,"column":28}},"9":{"start":{"line":19,"column":0},"end":{"line":28,"column":1}},"10":{"start":{"line":21,"column":20},"end":{"line":23,"column":57}},"11":{"start":{"line":22,"column":42},"end":{"line":22,"column":48}},"12":{"start":{"line":23,"column":40},"end":{"line":23,"column":56}},"13":{"start":{"line":25,"column":17},"end":{"line":25,"column":32}},"14":{"start":{"line":27,"column":4},"end":{"line":27,"column":17}},"15":{"start":{"line":31,"column":0},"end":{"line":42,"column":1}},"16":{"start":{"line":33,"column":18},"end":{"line":35,"column":53}},"17":{"start":{"line":34,"column":39},"end":{"line":34,"column":46}},"18":{"start":{"line":35,"column":36},"end":{"line":35,"column":52}},"19":{"start":{"line":38,"column":23},"end":{"line":38,"column":36}},"20":{"start":{"line":41,"column":4},"end":{"line":41,"column":23}},"21":{"start":{"line":45,"column":0},"end":{"line":54,"column":1}},"22":{"start":{"line":47,"column":23},"end":{"line":49,"column":61}},"23":{"start":{"line":48,"column":46},"end":{"line":48,"column":52}},"24":{"start":{"line":49,"column":44},"end":{"line":49,"column":60}},"25":{"start":{"line":51,"column":31},"end":{"line":51,"column":49}},"26":{"start":{"line":53,"column":4},"end":{"line":53,"column":31}},"27":{"start":{"line":57,"column":0},"end":{"line":66,"column":1}},"28":{"start":{"line":59,"column":23},"end":{"line":61,"column":61}},"29":{"start":{"line":60,"column":46},"end":{"line":60,"column":52}},"30":{"start":{"line":61,"column":44},"end":{"line":61,"column":60}},"31":{"start":{"line":63,"column":31},"end":{"line":63,"column":49}},"32":{"start":{"line":65,"column":4},"end":{"line":65,"column":31}}},"fnMap":{"0":{"name":"(anonymous_0)","decl":{"start":{"line":7,"column":14},"end":{"line":7,"column":15}},"loc":{"start":{"line":7,"column":37},"end":{"line":16,"column":1}},"line":7},"1":{"name":"(anonymous_1)","decl":{"start":{"line":10,"column":30},"end":{"line":10,"column":31}},"loc":{"start":{"line":10,"column":42},"end":{"line":10,"column":48}},"line":10},"2":{"name":"(anonymous_2)","decl":{"start":{"line":11,"column":31},"end":{"line":11,"column":32}},"loc":{"start":{"line":11,"column":40},"end":{"line":11,"column":56}},"line":11},"3":{"name":"(anonymous_3)","decl":{"start":{"line":19,"column":18},"end":{"line":19,"column":19}},"loc":{"start":{"line":19,"column":37},"end":{"line":28,"column":1}},"line":19},"4":{"name":"(anonymous_4)","decl":{"start":{"line":22,"column":30},"end":{"line":22,"column":31}},"loc":{"start":{"line":22,"column":42},"end":{"line":22,"column":48}},"line":22},"5":{"name":"(anonymous_5)","decl":{"start":{"line":23,"column":31},"end":{"line":23,"column":32}},"loc":{"start":{"line":23,"column":40},"end":{"line":23,"column":56}},"line":23},"6":{"name":"(anonymous_6)","decl":{"start":{"line":31,"column":17},"end":{"line":31,"column":18}},"loc":{"start":{"line":31,"column":28},"end":{"line":42,"column":1}},"line":31},"7":{"name":"(anonymous_7)","decl":{"start":{"line":34,"column":26},"end":{"line":34,"column":27}},"loc":{"start":{"line":34,"column":39},"end":{"line":34,"column":46}},"line":34},"8":{"name":"(anonymous_8)","decl":{"start":{"line":35,"column":27},"end":{"line":35,"column":28}},"loc":{"start":{"line":35,"column":36},"end":{"line":35,"column":52}},"line":35},"9":{"name":"(anonymous_9)","decl":{"start":{"line":45,"column":17},"end":{"line":45,"column":18}},"loc":{"start":{"line":45,"column":60},"end":{"line":54,"column":1}},"line":45},"10":{"name":"(anonymous_10)","decl":{"start":{"line":48,"column":34},"end":{"line":48,"column":35}},"loc":{"start":{"line":48,"column":46},"end":{"line":48,"column":52}},"line":48},"11":{"name":"(anonymous_11)","decl":{"start":{"line":49,"column":35},"end":{"line":49,"column":36}},"loc":{"start":{"line":49,"column":44},"end":{"line":49,"column":60}},"line":49},"12":{"name":"(anonymous_12)","decl":{"start":{"line":57,"column":17},"end":{"line":57,"column":18}},"loc":{"start":{"line":57,"column":36},"end":{"line":66,"column":1}},"line":57},"13":{"name":"(anonymous_13)","decl":{"start":{"line":60,"column":34},"end":{"line":60,"column":35}},"loc":{"start":{"line":60,"column":46},"end":{"line":60,"column":52}},"line":60},"14":{"name":"(anonymous_14)","decl":{"start":{"line":61,"column":35},"end":{"line":61,"column":36}},"loc":{"start":{"line":61,"column":44},"end":{"line":61,"column":60}},"line":61}},"branchMap":{},"s":{"0":1,"1":1,"2":1,"3":1,"4":1,"5":1,"6":0,"7":1,"8":1,"9":1,"10":1,"11":1,"12":0,"13":1,"14":1,"15":1,"16":1,"17":1,"18":0,"19":1,"20":1,"21":1,"22":1,"23":1,"24":0,"25":1,"26":1,"27":1,"28":1,"29":1,"30":0,"31":1,"32":1},"f":{"0":1,"1":1,"2":0,"3":1,"4":1,"5":0,"6":1,"7":1,"8":0,"9":1,"10":1,"11":0,"12":1,"13":1,"14":0},"b":{},"_coverageSchema":"332fd63041d2c1bcb487cc26dd0d5f7d97098a6c","hash":"d3f75a3a2d7abc0127b65cb384d0da4661e07cc2"}
}
