{"/home/genaro/Desktop/304CEM/304CEM-BACKEND-DEVELOPMENT-GenaroBedenko-7060234/modules/images-controller.js": {"path":"/home/genaro/Desktop/304CEM/304CEM-BACKEND-DEVELOPMENT-GenaroBedenko-7060234/modules/images-controller.js","statementMap":{"0":{"start":{"line":1,"column":21},"end":{"line":1,"column":62}},"1":{"start":{"line":2,"column":26},"end":{"line":2,"column":34}},"2":{"start":{"line":4,"column":17},"end":{"line":4,"column":46}},"3":{"start":{"line":7,"column":0},"end":{"line":15,"column":1}},"4":{"start":{"line":9,"column":19},"end":{"line":10,"column":49}},"5":{"start":{"line":10,"column":42},"end":{"line":10,"column":48}},"6":{"start":{"line":12,"column":27},"end":{"line":12,"column":41}},"7":{"start":{"line":14,"column":4},"end":{"line":14,"column":27}},"8":{"start":{"line":18,"column":0},"end":{"line":26,"column":1}},"9":{"start":{"line":20,"column":19},"end":{"line":21,"column":47}},"10":{"start":{"line":21,"column":41},"end":{"line":21,"column":46}},"11":{"start":{"line":23,"column":16},"end":{"line":23,"column":30}},"12":{"start":{"line":25,"column":4},"end":{"line":25,"column":16}},"13":{"start":{"line":29,"column":0},"end":{"line":39,"column":1}},"14":{"start":{"line":31,"column":18},"end":{"line":32,"column":47}},"15":{"start":{"line":32,"column":39},"end":{"line":32,"column":46}},"16":{"start":{"line":35,"column":23},"end":{"line":35,"column":36}},"17":{"start":{"line":38,"column":4},"end":{"line":38,"column":23}},"18":{"start":{"line":42,"column":0},"end":{"line":50,"column":1}},"19":{"start":{"line":44,"column":22},"end":{"line":45,"column":51}},"20":{"start":{"line":45,"column":45},"end":{"line":45,"column":50}},"21":{"start":{"line":47,"column":30},"end":{"line":47,"column":47}},"22":{"start":{"line":49,"column":4},"end":{"line":49,"column":30}},"23":{"start":{"line":53,"column":0},"end":{"line":61,"column":1}},"24":{"start":{"line":55,"column":22},"end":{"line":56,"column":51}},"25":{"start":{"line":56,"column":45},"end":{"line":56,"column":50}},"26":{"start":{"line":58,"column":30},"end":{"line":58,"column":47}},"27":{"start":{"line":60,"column":4},"end":{"line":60,"column":30}}},"fnMap":{"0":{"name":"(anonymous_0)","decl":{"start":{"line":7,"column":14},"end":{"line":7,"column":15}},"loc":{"start":{"line":7,"column":36},"end":{"line":15,"column":1}},"line":7},"1":{"name":"(anonymous_1)","decl":{"start":{"line":10,"column":30},"end":{"line":10,"column":31}},"loc":{"start":{"line":10,"column":42},"end":{"line":10,"column":48}},"line":10},"2":{"name":"(anonymous_2)","decl":{"start":{"line":18,"column":18},"end":{"line":18,"column":19}},"loc":{"start":{"line":18,"column":36},"end":{"line":26,"column":1}},"line":18},"3":{"name":"(anonymous_3)","decl":{"start":{"line":21,"column":30},"end":{"line":21,"column":31}},"loc":{"start":{"line":21,"column":41},"end":{"line":21,"column":46}},"line":21},"4":{"name":"(anonymous_4)","decl":{"start":{"line":29,"column":17},"end":{"line":29,"column":18}},"loc":{"start":{"line":29,"column":28},"end":{"line":39,"column":1}},"line":29},"5":{"name":"(anonymous_5)","decl":{"start":{"line":32,"column":26},"end":{"line":32,"column":27}},"loc":{"start":{"line":32,"column":39},"end":{"line":32,"column":46}},"line":32},"6":{"name":"(anonymous_6)","decl":{"start":{"line":42,"column":17},"end":{"line":42,"column":18}},"loc":{"start":{"line":42,"column":58},"end":{"line":50,"column":1}},"line":42},"7":{"name":"(anonymous_7)","decl":{"start":{"line":45,"column":34},"end":{"line":45,"column":35}},"loc":{"start":{"line":45,"column":45},"end":{"line":45,"column":50}},"line":45},"8":{"name":"(anonymous_8)","decl":{"start":{"line":53,"column":17},"end":{"line":53,"column":18}},"loc":{"start":{"line":53,"column":35},"end":{"line":61,"column":1}},"line":53},"9":{"name":"(anonymous_9)","decl":{"start":{"line":56,"column":34},"end":{"line":56,"column":35}},"loc":{"start":{"line":56,"column":45},"end":{"line":56,"column":50}},"line":56}},"branchMap":{},"s":{"0":1,"1":1,"2":1,"3":1,"4":1,"5":1,"6":1,"7":1,"8":1,"9":1,"10":1,"11":1,"12":1,"13":1,"14":1,"15":1,"16":1,"17":1,"18":1,"19":1,"20":1,"21":1,"22":1,"23":1,"24":1,"25":1,"26":1,"27":1},"f":{"0":1,"1":1,"2":1,"3":1,"4":1,"5":1,"6":1,"7":1,"8":1,"9":1},"b":{},"_coverageSchema":"332fd63041d2c1bcb487cc26dd0d5f7d97098a6c","hash":"b36ab10daff59e85280702c056e7d10bb91940a8"}
,"/home/genaro/Desktop/304CEM/304CEM-BACKEND-DEVELOPMENT-GenaroBedenko-7060234/modules/logins-controller.js": {"path":"/home/genaro/Desktop/304CEM/304CEM-BACKEND-DEVELOPMENT-GenaroBedenko-7060234/modules/logins-controller.js","statementMap":{"0":{"start":{"line":1,"column":21},"end":{"line":1,"column":62}},"1":{"start":{"line":2,"column":26},"end":{"line":2,"column":34}},"2":{"start":{"line":4,"column":17},"end":{"line":4,"column":46}},"3":{"start":{"line":7,"column":0},"end":{"line":15,"column":1}},"4":{"start":{"line":9,"column":19},"end":{"line":10,"column":49}},"5":{"start":{"line":10,"column":42},"end":{"line":10,"column":48}},"6":{"start":{"line":12,"column":27},"end":{"line":12,"column":41}},"7":{"start":{"line":14,"column":4},"end":{"line":14,"column":27}},"8":{"start":{"line":18,"column":0},"end":{"line":26,"column":1}},"9":{"start":{"line":20,"column":19},"end":{"line":21,"column":47}},"10":{"start":{"line":21,"column":41},"end":{"line":21,"column":46}},"11":{"start":{"line":23,"column":16},"end":{"line":23,"column":30}},"12":{"start":{"line":25,"column":4},"end":{"line":25,"column":16}},"13":{"start":{"line":29,"column":0},"end":{"line":39,"column":1}},"14":{"start":{"line":31,"column":18},"end":{"line":32,"column":47}},"15":{"start":{"line":32,"column":39},"end":{"line":32,"column":46}},"16":{"start":{"line":35,"column":23},"end":{"line":35,"column":36}},"17":{"start":{"line":38,"column":4},"end":{"line":38,"column":23}},"18":{"start":{"line":42,"column":0},"end":{"line":50,"column":1}},"19":{"start":{"line":44,"column":22},"end":{"line":45,"column":51}},"20":{"start":{"line":45,"column":45},"end":{"line":45,"column":50}},"21":{"start":{"line":47,"column":30},"end":{"line":47,"column":47}},"22":{"start":{"line":49,"column":4},"end":{"line":49,"column":30}},"23":{"start":{"line":53,"column":0},"end":{"line":61,"column":1}},"24":{"start":{"line":55,"column":22},"end":{"line":56,"column":51}},"25":{"start":{"line":56,"column":45},"end":{"line":56,"column":50}},"26":{"start":{"line":58,"column":30},"end":{"line":58,"column":47}},"27":{"start":{"line":60,"column":4},"end":{"line":60,"column":30}}},"fnMap":{"0":{"name":"(anonymous_0)","decl":{"start":{"line":7,"column":14},"end":{"line":7,"column":15}},"loc":{"start":{"line":7,"column":36},"end":{"line":15,"column":1}},"line":7},"1":{"name":"(anonymous_1)","decl":{"start":{"line":10,"column":30},"end":{"line":10,"column":31}},"loc":{"start":{"line":10,"column":42},"end":{"line":10,"column":48}},"line":10},"2":{"name":"(anonymous_2)","decl":{"start":{"line":18,"column":18},"end":{"line":18,"column":19}},"loc":{"start":{"line":18,"column":36},"end":{"line":26,"column":1}},"line":18},"3":{"name":"(anonymous_3)","decl":{"start":{"line":21,"column":30},"end":{"line":21,"column":31}},"loc":{"start":{"line":21,"column":41},"end":{"line":21,"column":46}},"line":21},"4":{"name":"(anonymous_4)","decl":{"start":{"line":29,"column":17},"end":{"line":29,"column":18}},"loc":{"start":{"line":29,"column":28},"end":{"line":39,"column":1}},"line":29},"5":{"name":"(anonymous_5)","decl":{"start":{"line":32,"column":26},"end":{"line":32,"column":27}},"loc":{"start":{"line":32,"column":39},"end":{"line":32,"column":46}},"line":32},"6":{"name":"(anonymous_6)","decl":{"start":{"line":42,"column":17},"end":{"line":42,"column":18}},"loc":{"start":{"line":42,"column":58},"end":{"line":50,"column":1}},"line":42},"7":{"name":"(anonymous_7)","decl":{"start":{"line":45,"column":34},"end":{"line":45,"column":35}},"loc":{"start":{"line":45,"column":45},"end":{"line":45,"column":50}},"line":45},"8":{"name":"(anonymous_8)","decl":{"start":{"line":53,"column":17},"end":{"line":53,"column":18}},"loc":{"start":{"line":53,"column":35},"end":{"line":61,"column":1}},"line":53},"9":{"name":"(anonymous_9)","decl":{"start":{"line":56,"column":34},"end":{"line":56,"column":35}},"loc":{"start":{"line":56,"column":45},"end":{"line":56,"column":50}},"line":56}},"branchMap":{},"s":{"0":1,"1":1,"2":1,"3":1,"4":1,"5":1,"6":1,"7":1,"8":1,"9":1,"10":1,"11":1,"12":1,"13":1,"14":1,"15":1,"16":1,"17":1,"18":1,"19":1,"20":1,"21":1,"22":1,"23":1,"24":1,"25":1,"26":1,"27":1},"f":{"0":1,"1":1,"2":1,"3":1,"4":1,"5":1,"6":1,"7":1,"8":1,"9":1},"b":{},"_coverageSchema":"332fd63041d2c1bcb487cc26dd0d5f7d97098a6c","hash":"4633fe68f66f5dc43a5b4bdc71e85e6f9406a940"}
,"/home/genaro/Desktop/304CEM/304CEM-BACKEND-DEVELOPMENT-GenaroBedenko-7060234/modules/mongodb-database.js": {"path":"/home/genaro/Desktop/304CEM/304CEM-BACKEND-DEVELOPMENT-GenaroBedenko-7060234/modules/mongodb-database.js","statementMap":{"0":{"start":{"line":4,"column":20},"end":{"line":4,"column":50}},"1":{"start":{"line":5,"column":16},"end":{"line":5,"column":34}},"2":{"start":{"line":7,"column":22},"end":{"line":7,"column":40}},"3":{"start":{"line":10,"column":0},"end":{"line":27,"column":2}},"4":{"start":{"line":10,"column":83},"end":{"line":27,"column":2}},"5":{"start":{"line":12,"column":4},"end":{"line":12,"column":110}},"6":{"start":{"line":16,"column":4},"end":{"line":26,"column":9}},"7":{"start":{"line":18,"column":18},"end":{"line":18,"column":38}},"8":{"start":{"line":20,"column":8},"end":{"line":25,"column":11}},"9":{"start":{"line":22,"column":12},"end":{"line":22,"column":120}},"10":{"start":{"line":23,"column":12},"end":{"line":23,"column":23}},"11":{"start":{"line":24,"column":12},"end":{"line":24,"column":25}},"12":{"start":{"line":30,"column":0},"end":{"line":47,"column":2}},"13":{"start":{"line":30,"column":73},"end":{"line":47,"column":2}},"14":{"start":{"line":34,"column":4},"end":{"line":46,"column":7}},"15":{"start":{"line":37,"column":18},"end":{"line":37,"column":38}},"16":{"start":{"line":41,"column":8},"end":{"line":45,"column":11}},"17":{"start":{"line":43,"column":12},"end":{"line":43,"column":22}},"18":{"start":{"line":44,"column":12},"end":{"line":44,"column":27}},"19":{"start":{"line":51,"column":0},"end":{"line":63,"column":2}},"20":{"start":{"line":51,"column":84},"end":{"line":63,"column":2}},"21":{"start":{"line":53,"column":4},"end":{"line":62,"column":6}},"22":{"start":{"line":55,"column":18},"end":{"line":55,"column":38}},"23":{"start":{"line":57,"column":8},"end":{"line":61,"column":10}},"24":{"start":{"line":59,"column":12},"end":{"line":59,"column":22}},"25":{"start":{"line":60,"column":12},"end":{"line":60,"column":27}},"26":{"start":{"line":66,"column":0},"end":{"line":81,"column":2}},"27":{"start":{"line":66,"column":91},"end":{"line":81,"column":2}},"28":{"start":{"line":70,"column":4},"end":{"line":80,"column":6}},"29":{"start":{"line":72,"column":18},"end":{"line":72,"column":38}},"30":{"start":{"line":74,"column":8},"end":{"line":79,"column":10}},"31":{"start":{"line":76,"column":12},"end":{"line":76,"column":79}},"32":{"start":{"line":77,"column":12},"end":{"line":77,"column":22}},"33":{"start":{"line":78,"column":12},"end":{"line":78,"column":25}},"34":{"start":{"line":84,"column":0},"end":{"line":99,"column":2}},"35":{"start":{"line":84,"column":72},"end":{"line":99,"column":2}},"36":{"start":{"line":88,"column":4},"end":{"line":98,"column":7}},"37":{"start":{"line":90,"column":18},"end":{"line":90,"column":38}},"38":{"start":{"line":92,"column":8},"end":{"line":97,"column":11}},"39":{"start":{"line":94,"column":12},"end":{"line":94,"column":79}},"40":{"start":{"line":95,"column":12},"end":{"line":95,"column":22}},"41":{"start":{"line":96,"column":12},"end":{"line":96,"column":25}}},"fnMap":{"0":{"name":"(anonymous_0)","decl":{"start":{"line":10,"column":34},"end":{"line":10,"column":35}},"loc":{"start":{"line":10,"column":83},"end":{"line":27,"column":2}},"line":10},"1":{"name":"(anonymous_1)","decl":{"start":{"line":10,"column":95},"end":{"line":10,"column":96}},"loc":{"start":{"line":10,"column":116},"end":{"line":27,"column":1}},"line":10},"2":{"name":"(anonymous_2)","decl":{"start":{"line":16,"column":38},"end":{"line":16,"column":39}},"loc":{"start":{"line":16,"column":51},"end":{"line":26,"column":7}},"line":16},"3":{"name":"(anonymous_3)","decl":{"start":{"line":20,"column":64},"end":{"line":20,"column":65}},"loc":{"start":{"line":20,"column":78},"end":{"line":25,"column":9}},"line":20},"4":{"name":"(anonymous_4)","decl":{"start":{"line":30,"column":31},"end":{"line":30,"column":32}},"loc":{"start":{"line":30,"column":73},"end":{"line":47,"column":2}},"line":30},"5":{"name":"(anonymous_5)","decl":{"start":{"line":30,"column":85},"end":{"line":30,"column":86}},"loc":{"start":{"line":30,"column":106},"end":{"line":47,"column":1}},"line":30},"6":{"name":"(anonymous_6)","decl":{"start":{"line":34,"column":38},"end":{"line":34,"column":39}},"loc":{"start":{"line":34,"column":51},"end":{"line":46,"column":5}},"line":34},"7":{"name":"(anonymous_7)","decl":{"start":{"line":41,"column":60},"end":{"line":41,"column":61}},"loc":{"start":{"line":41,"column":77},"end":{"line":45,"column":9}},"line":41},"8":{"name":"(anonymous_8)","decl":{"start":{"line":51,"column":36},"end":{"line":51,"column":37}},"loc":{"start":{"line":51,"column":84},"end":{"line":63,"column":2}},"line":51},"9":{"name":"(anonymous_9)","decl":{"start":{"line":51,"column":96},"end":{"line":51,"column":97}},"loc":{"start":{"line":51,"column":117},"end":{"line":63,"column":1}},"line":51},"10":{"name":"(anonymous_10)","decl":{"start":{"line":53,"column":38},"end":{"line":53,"column":39}},"loc":{"start":{"line":53,"column":51},"end":{"line":62,"column":5}},"line":53},"11":{"name":"(anonymous_11)","decl":{"start":{"line":57,"column":92},"end":{"line":57,"column":93}},"loc":{"start":{"line":57,"column":109},"end":{"line":61,"column":9}},"line":57},"12":{"name":"(anonymous_12)","decl":{"start":{"line":66,"column":25},"end":{"line":66,"column":26}},"loc":{"start":{"line":66,"column":91},"end":{"line":81,"column":2}},"line":66},"13":{"name":"(anonymous_13)","decl":{"start":{"line":66,"column":103},"end":{"line":66,"column":104}},"loc":{"start":{"line":66,"column":124},"end":{"line":81,"column":1}},"line":66},"14":{"name":"(anonymous_14)","decl":{"start":{"line":70,"column":38},"end":{"line":70,"column":39}},"loc":{"start":{"line":70,"column":51},"end":{"line":80,"column":5}},"line":70},"15":{"name":"(anonymous_15)","decl":{"start":{"line":74,"column":117},"end":{"line":74,"column":118}},"loc":{"start":{"line":74,"column":131},"end":{"line":79,"column":9}},"line":74},"16":{"name":"(anonymous_16)","decl":{"start":{"line":84,"column":25},"end":{"line":84,"column":26}},"loc":{"start":{"line":84,"column":72},"end":{"line":99,"column":2}},"line":84},"17":{"name":"(anonymous_17)","decl":{"start":{"line":84,"column":84},"end":{"line":84,"column":85}},"loc":{"start":{"line":84,"column":105},"end":{"line":99,"column":1}},"line":84},"18":{"name":"(anonymous_18)","decl":{"start":{"line":88,"column":38},"end":{"line":88,"column":39}},"loc":{"start":{"line":88,"column":51},"end":{"line":98,"column":5}},"line":88},"19":{"name":"(anonymous_19)","decl":{"start":{"line":92,"column":91},"end":{"line":92,"column":92}},"loc":{"start":{"line":92,"column":105},"end":{"line":97,"column":9}},"line":92}},"branchMap":{},"s":{"0":7,"1":7,"2":7,"3":7,"4":5,"5":5,"6":5,"7":5,"8":5,"9":5,"10":5,"11":5,"12":7,"13":7,"14":7,"15":7,"16":7,"17":7,"18":7,"19":7,"20":1,"21":1,"22":1,"23":1,"24":1,"25":1,"26":7,"27":1,"28":1,"29":1,"30":1,"31":1,"32":1,"33":1,"34":7,"35":6,"36":6,"37":5,"38":5,"39":5,"40":5,"41":5},"f":{"0":5,"1":5,"2":5,"3":5,"4":7,"5":7,"6":7,"7":7,"8":1,"9":1,"10":1,"11":1,"12":1,"13":1,"14":1,"15":1,"16":6,"17":6,"18":5,"19":5},"b":{},"_coverageSchema":"332fd63041d2c1bcb487cc26dd0d5f7d97098a6c","hash":"9cd4835eb98f2bd3d8beeebd84329364e3056ec4"}
,"/home/genaro/Desktop/304CEM/304CEM-BACKEND-DEVELOPMENT-GenaroBedenko-7060234/modules/notifications-controller.js": {"path":"/home/genaro/Desktop/304CEM/304CEM-BACKEND-DEVELOPMENT-GenaroBedenko-7060234/modules/notifications-controller.js","statementMap":{"0":{"start":{"line":1,"column":21},"end":{"line":1,"column":62}},"1":{"start":{"line":2,"column":33},"end":{"line":2,"column":48}},"2":{"start":{"line":4,"column":17},"end":{"line":4,"column":46}},"3":{"start":{"line":7,"column":0},"end":{"line":15,"column":1}},"4":{"start":{"line":9,"column":26},"end":{"line":10,"column":49}},"5":{"start":{"line":10,"column":42},"end":{"line":10,"column":48}},"6":{"start":{"line":12,"column":34},"end":{"line":12,"column":55}},"7":{"start":{"line":14,"column":4},"end":{"line":14,"column":34}},"8":{"start":{"line":18,"column":0},"end":{"line":26,"column":1}},"9":{"start":{"line":20,"column":26},"end":{"line":21,"column":61}},"10":{"start":{"line":21,"column":48},"end":{"line":21,"column":60}},"11":{"start":{"line":23,"column":23},"end":{"line":23,"column":44}},"12":{"start":{"line":25,"column":4},"end":{"line":25,"column":23}},"13":{"start":{"line":29,"column":0},"end":{"line":39,"column":1}},"14":{"start":{"line":31,"column":18},"end":{"line":32,"column":47}},"15":{"start":{"line":32,"column":39},"end":{"line":32,"column":46}},"16":{"start":{"line":35,"column":23},"end":{"line":35,"column":36}},"17":{"start":{"line":38,"column":4},"end":{"line":38,"column":23}},"18":{"start":{"line":42,"column":0},"end":{"line":50,"column":1}},"19":{"start":{"line":44,"column":29},"end":{"line":45,"column":65}},"20":{"start":{"line":45,"column":52},"end":{"line":45,"column":64}},"21":{"start":{"line":47,"column":37},"end":{"line":47,"column":61}},"22":{"start":{"line":49,"column":4},"end":{"line":49,"column":37}},"23":{"start":{"line":53,"column":0},"end":{"line":61,"column":1}},"24":{"start":{"line":55,"column":29},"end":{"line":56,"column":65}},"25":{"start":{"line":56,"column":52},"end":{"line":56,"column":64}},"26":{"start":{"line":58,"column":37},"end":{"line":58,"column":61}},"27":{"start":{"line":60,"column":4},"end":{"line":60,"column":37}}},"fnMap":{"0":{"name":"(anonymous_0)","decl":{"start":{"line":7,"column":14},"end":{"line":7,"column":15}},"loc":{"start":{"line":7,"column":43},"end":{"line":15,"column":1}},"line":7},"1":{"name":"(anonymous_1)","decl":{"start":{"line":10,"column":30},"end":{"line":10,"column":31}},"loc":{"start":{"line":10,"column":42},"end":{"line":10,"column":48}},"line":10},"2":{"name":"(anonymous_2)","decl":{"start":{"line":18,"column":18},"end":{"line":18,"column":19}},"loc":{"start":{"line":18,"column":43},"end":{"line":26,"column":1}},"line":18},"3":{"name":"(anonymous_3)","decl":{"start":{"line":21,"column":30},"end":{"line":21,"column":31}},"loc":{"start":{"line":21,"column":48},"end":{"line":21,"column":60}},"line":21},"4":{"name":"(anonymous_4)","decl":{"start":{"line":29,"column":17},"end":{"line":29,"column":18}},"loc":{"start":{"line":29,"column":28},"end":{"line":39,"column":1}},"line":29},"5":{"name":"(anonymous_5)","decl":{"start":{"line":32,"column":26},"end":{"line":32,"column":27}},"loc":{"start":{"line":32,"column":39},"end":{"line":32,"column":46}},"line":32},"6":{"name":"(anonymous_6)","decl":{"start":{"line":42,"column":17},"end":{"line":42,"column":18}},"loc":{"start":{"line":42,"column":72},"end":{"line":50,"column":1}},"line":42},"7":{"name":"(anonymous_7)","decl":{"start":{"line":45,"column":34},"end":{"line":45,"column":35}},"loc":{"start":{"line":45,"column":52},"end":{"line":45,"column":64}},"line":45},"8":{"name":"(anonymous_8)","decl":{"start":{"line":53,"column":17},"end":{"line":53,"column":18}},"loc":{"start":{"line":53,"column":42},"end":{"line":61,"column":1}},"line":53},"9":{"name":"(anonymous_9)","decl":{"start":{"line":56,"column":34},"end":{"line":56,"column":35}},"loc":{"start":{"line":56,"column":52},"end":{"line":56,"column":64}},"line":56}},"branchMap":{},"s":{"0":1,"1":1,"2":1,"3":1,"4":1,"5":1,"6":1,"7":1,"8":1,"9":1,"10":1,"11":1,"12":1,"13":1,"14":1,"15":1,"16":1,"17":1,"18":1,"19":1,"20":1,"21":1,"22":1,"23":1,"24":1,"25":1,"26":1,"27":1},"f":{"0":1,"1":1,"2":1,"3":1,"4":1,"5":1,"6":1,"7":1,"8":1,"9":1},"b":{},"_coverageSchema":"332fd63041d2c1bcb487cc26dd0d5f7d97098a6c","hash":"2fd0acc8c674c0f7705890cf45735d1119a72a02"}
,"/home/genaro/Desktop/304CEM/304CEM-BACKEND-DEVELOPMENT-GenaroBedenko-7060234/modules/ratings-controller.js": {"path":"/home/genaro/Desktop/304CEM/304CEM-BACKEND-DEVELOPMENT-GenaroBedenko-7060234/modules/ratings-controller.js","statementMap":{"0":{"start":{"line":1,"column":21},"end":{"line":1,"column":62}},"1":{"start":{"line":2,"column":27},"end":{"line":2,"column":36}},"2":{"start":{"line":4,"column":17},"end":{"line":4,"column":46}},"3":{"start":{"line":7,"column":0},"end":{"line":15,"column":1}},"4":{"start":{"line":9,"column":20},"end":{"line":10,"column":49}},"5":{"start":{"line":10,"column":42},"end":{"line":10,"column":48}},"6":{"start":{"line":12,"column":28},"end":{"line":12,"column":43}},"7":{"start":{"line":14,"column":4},"end":{"line":14,"column":28}},"8":{"start":{"line":18,"column":0},"end":{"line":26,"column":1}},"9":{"start":{"line":20,"column":20},"end":{"line":21,"column":49}},"10":{"start":{"line":21,"column":42},"end":{"line":21,"column":48}},"11":{"start":{"line":23,"column":17},"end":{"line":23,"column":32}},"12":{"start":{"line":25,"column":4},"end":{"line":25,"column":17}},"13":{"start":{"line":29,"column":0},"end":{"line":39,"column":1}},"14":{"start":{"line":31,"column":18},"end":{"line":32,"column":47}},"15":{"start":{"line":32,"column":39},"end":{"line":32,"column":46}},"16":{"start":{"line":35,"column":23},"end":{"line":35,"column":36}},"17":{"start":{"line":38,"column":4},"end":{"line":38,"column":23}},"18":{"start":{"line":42,"column":0},"end":{"line":50,"column":1}},"19":{"start":{"line":44,"column":23},"end":{"line":45,"column":53}},"20":{"start":{"line":45,"column":46},"end":{"line":45,"column":52}},"21":{"start":{"line":47,"column":31},"end":{"line":47,"column":49}},"22":{"start":{"line":49,"column":4},"end":{"line":49,"column":31}},"23":{"start":{"line":53,"column":0},"end":{"line":61,"column":1}},"24":{"start":{"line":55,"column":23},"end":{"line":56,"column":53}},"25":{"start":{"line":56,"column":46},"end":{"line":56,"column":52}},"26":{"start":{"line":58,"column":31},"end":{"line":58,"column":49}},"27":{"start":{"line":60,"column":4},"end":{"line":60,"column":31}}},"fnMap":{"0":{"name":"(anonymous_0)","decl":{"start":{"line":7,"column":14},"end":{"line":7,"column":15}},"loc":{"start":{"line":7,"column":37},"end":{"line":15,"column":1}},"line":7},"1":{"name":"(anonymous_1)","decl":{"start":{"line":10,"column":30},"end":{"line":10,"column":31}},"loc":{"start":{"line":10,"column":42},"end":{"line":10,"column":48}},"line":10},"2":{"name":"(anonymous_2)","decl":{"start":{"line":18,"column":18},"end":{"line":18,"column":19}},"loc":{"start":{"line":18,"column":37},"end":{"line":26,"column":1}},"line":18},"3":{"name":"(anonymous_3)","decl":{"start":{"line":21,"column":30},"end":{"line":21,"column":31}},"loc":{"start":{"line":21,"column":42},"end":{"line":21,"column":48}},"line":21},"4":{"name":"(anonymous_4)","decl":{"start":{"line":29,"column":17},"end":{"line":29,"column":18}},"loc":{"start":{"line":29,"column":28},"end":{"line":39,"column":1}},"line":29},"5":{"name":"(anonymous_5)","decl":{"start":{"line":32,"column":26},"end":{"line":32,"column":27}},"loc":{"start":{"line":32,"column":39},"end":{"line":32,"column":46}},"line":32},"6":{"name":"(anonymous_6)","decl":{"start":{"line":42,"column":17},"end":{"line":42,"column":18}},"loc":{"start":{"line":42,"column":60},"end":{"line":50,"column":1}},"line":42},"7":{"name":"(anonymous_7)","decl":{"start":{"line":45,"column":34},"end":{"line":45,"column":35}},"loc":{"start":{"line":45,"column":46},"end":{"line":45,"column":52}},"line":45},"8":{"name":"(anonymous_8)","decl":{"start":{"line":53,"column":17},"end":{"line":53,"column":18}},"loc":{"start":{"line":53,"column":36},"end":{"line":61,"column":1}},"line":53},"9":{"name":"(anonymous_9)","decl":{"start":{"line":56,"column":34},"end":{"line":56,"column":35}},"loc":{"start":{"line":56,"column":46},"end":{"line":56,"column":52}},"line":56}},"branchMap":{},"s":{"0":1,"1":1,"2":1,"3":1,"4":1,"5":1,"6":1,"7":1,"8":1,"9":1,"10":1,"11":1,"12":1,"13":1,"14":1,"15":1,"16":1,"17":1,"18":1,"19":1,"20":1,"21":1,"22":1,"23":1,"24":1,"25":1,"26":1,"27":1},"f":{"0":1,"1":1,"2":1,"3":1,"4":1,"5":1,"6":1,"7":1,"8":1,"9":1},"b":{},"_coverageSchema":"332fd63041d2c1bcb487cc26dd0d5f7d97098a6c","hash":"a58f1b54ee066aac541b49d6726a9d085a93c9f8"}
,"/home/genaro/Desktop/304CEM/304CEM-BACKEND-DEVELOPMENT-GenaroBedenko-7060234/modules/recipes-controller.js": {"path":"/home/genaro/Desktop/304CEM/304CEM-BACKEND-DEVELOPMENT-GenaroBedenko-7060234/modules/recipes-controller.js","statementMap":{"0":{"start":{"line":1,"column":21},"end":{"line":1,"column":62}},"1":{"start":{"line":2,"column":27},"end":{"line":2,"column":36}},"2":{"start":{"line":4,"column":17},"end":{"line":4,"column":46}},"3":{"start":{"line":7,"column":0},"end":{"line":15,"column":1}},"4":{"start":{"line":9,"column":20},"end":{"line":10,"column":49}},"5":{"start":{"line":10,"column":42},"end":{"line":10,"column":48}},"6":{"start":{"line":12,"column":28},"end":{"line":12,"column":43}},"7":{"start":{"line":14,"column":4},"end":{"line":14,"column":28}},"8":{"start":{"line":18,"column":0},"end":{"line":26,"column":1}},"9":{"start":{"line":20,"column":20},"end":{"line":21,"column":49}},"10":{"start":{"line":21,"column":42},"end":{"line":21,"column":48}},"11":{"start":{"line":23,"column":17},"end":{"line":23,"column":32}},"12":{"start":{"line":25,"column":4},"end":{"line":25,"column":17}},"13":{"start":{"line":29,"column":0},"end":{"line":39,"column":1}},"14":{"start":{"line":31,"column":18},"end":{"line":32,"column":47}},"15":{"start":{"line":32,"column":39},"end":{"line":32,"column":46}},"16":{"start":{"line":35,"column":23},"end":{"line":35,"column":36}},"17":{"start":{"line":38,"column":4},"end":{"line":38,"column":23}},"18":{"start":{"line":42,"column":0},"end":{"line":50,"column":1}},"19":{"start":{"line":44,"column":23},"end":{"line":45,"column":53}},"20":{"start":{"line":45,"column":46},"end":{"line":45,"column":52}},"21":{"start":{"line":47,"column":31},"end":{"line":47,"column":49}},"22":{"start":{"line":49,"column":4},"end":{"line":49,"column":31}},"23":{"start":{"line":53,"column":0},"end":{"line":61,"column":1}},"24":{"start":{"line":55,"column":23},"end":{"line":56,"column":53}},"25":{"start":{"line":56,"column":46},"end":{"line":56,"column":52}},"26":{"start":{"line":58,"column":31},"end":{"line":58,"column":49}},"27":{"start":{"line":60,"column":4},"end":{"line":60,"column":31}}},"fnMap":{"0":{"name":"(anonymous_0)","decl":{"start":{"line":7,"column":14},"end":{"line":7,"column":15}},"loc":{"start":{"line":7,"column":37},"end":{"line":15,"column":1}},"line":7},"1":{"name":"(anonymous_1)","decl":{"start":{"line":10,"column":30},"end":{"line":10,"column":31}},"loc":{"start":{"line":10,"column":42},"end":{"line":10,"column":48}},"line":10},"2":{"name":"(anonymous_2)","decl":{"start":{"line":18,"column":18},"end":{"line":18,"column":19}},"loc":{"start":{"line":18,"column":37},"end":{"line":26,"column":1}},"line":18},"3":{"name":"(anonymous_3)","decl":{"start":{"line":21,"column":30},"end":{"line":21,"column":31}},"loc":{"start":{"line":21,"column":42},"end":{"line":21,"column":48}},"line":21},"4":{"name":"(anonymous_4)","decl":{"start":{"line":29,"column":17},"end":{"line":29,"column":18}},"loc":{"start":{"line":29,"column":28},"end":{"line":39,"column":1}},"line":29},"5":{"name":"(anonymous_5)","decl":{"start":{"line":32,"column":26},"end":{"line":32,"column":27}},"loc":{"start":{"line":32,"column":39},"end":{"line":32,"column":46}},"line":32},"6":{"name":"(anonymous_6)","decl":{"start":{"line":42,"column":17},"end":{"line":42,"column":18}},"loc":{"start":{"line":42,"column":60},"end":{"line":50,"column":1}},"line":42},"7":{"name":"(anonymous_7)","decl":{"start":{"line":45,"column":34},"end":{"line":45,"column":35}},"loc":{"start":{"line":45,"column":46},"end":{"line":45,"column":52}},"line":45},"8":{"name":"(anonymous_8)","decl":{"start":{"line":53,"column":17},"end":{"line":53,"column":18}},"loc":{"start":{"line":53,"column":36},"end":{"line":61,"column":1}},"line":53},"9":{"name":"(anonymous_9)","decl":{"start":{"line":56,"column":34},"end":{"line":56,"column":35}},"loc":{"start":{"line":56,"column":46},"end":{"line":56,"column":52}},"line":56}},"branchMap":{},"s":{"0":1,"1":1,"2":1,"3":1,"4":1,"5":1,"6":1,"7":1,"8":1,"9":1,"10":1,"11":1,"12":1,"13":1,"14":1,"15":1,"16":1,"17":1,"18":1,"19":1,"20":1,"21":1,"22":1,"23":1,"24":1,"25":1,"26":1,"27":1},"f":{"0":1,"1":1,"2":1,"3":1,"4":1,"5":1,"6":1,"7":1,"8":1,"9":1},"b":{},"_coverageSchema":"332fd63041d2c1bcb487cc26dd0d5f7d97098a6c","hash":"fafdd5e1c5b7804ea793d52d4c58141f9ef44251"}
,"/home/genaro/Desktop/304CEM/304CEM-BACKEND-DEVELOPMENT-GenaroBedenko-7060234/modules/users-controller.js": {"path":"/home/genaro/Desktop/304CEM/304CEM-BACKEND-DEVELOPMENT-GenaroBedenko-7060234/modules/users-controller.js","statementMap":{"0":{"start":{"line":1,"column":21},"end":{"line":1,"column":62}},"1":{"start":{"line":2,"column":25},"end":{"line":2,"column":32}},"2":{"start":{"line":4,"column":17},"end":{"line":4,"column":46}},"3":{"start":{"line":7,"column":0},"end":{"line":15,"column":1}},"4":{"start":{"line":9,"column":18},"end":{"line":10,"column":49}},"5":{"start":{"line":10,"column":42},"end":{"line":10,"column":48}},"6":{"start":{"line":12,"column":26},"end":{"line":12,"column":39}},"7":{"start":{"line":14,"column":4},"end":{"line":14,"column":26}},"8":{"start":{"line":18,"column":0},"end":{"line":26,"column":1}},"9":{"start":{"line":20,"column":18},"end":{"line":21,"column":45}},"10":{"start":{"line":21,"column":40},"end":{"line":21,"column":44}},"11":{"start":{"line":23,"column":15},"end":{"line":23,"column":28}},"12":{"start":{"line":25,"column":4},"end":{"line":25,"column":15}},"13":{"start":{"line":29,"column":0},"end":{"line":39,"column":1}},"14":{"start":{"line":31,"column":18},"end":{"line":32,"column":47}},"15":{"start":{"line":32,"column":39},"end":{"line":32,"column":46}},"16":{"start":{"line":35,"column":23},"end":{"line":35,"column":36}},"17":{"start":{"line":38,"column":4},"end":{"line":38,"column":23}},"18":{"start":{"line":42,"column":0},"end":{"line":50,"column":1}},"19":{"start":{"line":44,"column":21},"end":{"line":45,"column":49}},"20":{"start":{"line":45,"column":44},"end":{"line":45,"column":48}},"21":{"start":{"line":47,"column":29},"end":{"line":47,"column":45}},"22":{"start":{"line":49,"column":4},"end":{"line":49,"column":29}},"23":{"start":{"line":53,"column":0},"end":{"line":61,"column":1}},"24":{"start":{"line":55,"column":21},"end":{"line":56,"column":49}},"25":{"start":{"line":56,"column":44},"end":{"line":56,"column":48}},"26":{"start":{"line":58,"column":29},"end":{"line":58,"column":45}},"27":{"start":{"line":60,"column":4},"end":{"line":60,"column":29}}},"fnMap":{"0":{"name":"(anonymous_0)","decl":{"start":{"line":7,"column":14},"end":{"line":7,"column":15}},"loc":{"start":{"line":7,"column":35},"end":{"line":15,"column":1}},"line":7},"1":{"name":"(anonymous_1)","decl":{"start":{"line":10,"column":30},"end":{"line":10,"column":31}},"loc":{"start":{"line":10,"column":42},"end":{"line":10,"column":48}},"line":10},"2":{"name":"(anonymous_2)","decl":{"start":{"line":18,"column":18},"end":{"line":18,"column":19}},"loc":{"start":{"line":18,"column":35},"end":{"line":26,"column":1}},"line":18},"3":{"name":"(anonymous_3)","decl":{"start":{"line":21,"column":30},"end":{"line":21,"column":31}},"loc":{"start":{"line":21,"column":40},"end":{"line":21,"column":44}},"line":21},"4":{"name":"(anonymous_4)","decl":{"start":{"line":29,"column":17},"end":{"line":29,"column":18}},"loc":{"start":{"line":29,"column":28},"end":{"line":39,"column":1}},"line":29},"5":{"name":"(anonymous_5)","decl":{"start":{"line":32,"column":26},"end":{"line":32,"column":27}},"loc":{"start":{"line":32,"column":39},"end":{"line":32,"column":46}},"line":32},"6":{"name":"(anonymous_6)","decl":{"start":{"line":42,"column":17},"end":{"line":42,"column":18}},"loc":{"start":{"line":42,"column":56},"end":{"line":50,"column":1}},"line":42},"7":{"name":"(anonymous_7)","decl":{"start":{"line":45,"column":34},"end":{"line":45,"column":35}},"loc":{"start":{"line":45,"column":44},"end":{"line":45,"column":48}},"line":45},"8":{"name":"(anonymous_8)","decl":{"start":{"line":53,"column":17},"end":{"line":53,"column":18}},"loc":{"start":{"line":53,"column":34},"end":{"line":61,"column":1}},"line":53},"9":{"name":"(anonymous_9)","decl":{"start":{"line":56,"column":34},"end":{"line":56,"column":35}},"loc":{"start":{"line":56,"column":44},"end":{"line":56,"column":48}},"line":56}},"branchMap":{},"s":{"0":1,"1":1,"2":1,"3":1,"4":1,"5":1,"6":1,"7":1,"8":1,"9":1,"10":1,"11":1,"12":1,"13":1,"14":1,"15":1,"16":1,"17":1,"18":1,"19":1,"20":1,"21":1,"22":1,"23":1,"24":1,"25":1,"26":1,"27":1},"f":{"0":1,"1":1,"2":1,"3":1,"4":1,"5":1,"6":1,"7":1,"8":1,"9":1},"b":{},"_coverageSchema":"332fd63041d2c1bcb487cc26dd0d5f7d97098a6c","hash":"24ff33afc6d6ea73edb9828441ffb76eaf498bb9"}
}
