TN:
SF:/home/genaro/Desktop/304CEM/304CEM-BACKEND-DEVELOPMENT-GenaroBedenko-7060234/modules/database.js
FN:10,(anonymous_0)
FN:10,(anonymous_1)
FN:16,(anonymous_2)
FN:20,(anonymous_3)
FN:30,(anonymous_4)
FN:30,(anonymous_5)
FN:34,(anonymous_6)
FN:44,(anonymous_7)
FN:54,(anonymous_8)
FN:54,(anonymous_9)
FN:56,(anonymous_10)
FN:62,(anonymous_11)
FN:71,(anonymous_12)
FN:71,(anonymous_13)
FN:75,(anonymous_14)
FN:80,(anonymous_15)
FN:90,(anonymous_16)
FN:90,(anonymous_17)
FN:94,(anonymous_18)
FN:99,(anonymous_19)
FNF:20
FNH:20
FNDA:5,(anonymous_0)
FNDA:5,(anonymous_1)
FNDA:5,(anonymous_2)
FNDA:5,(anonymous_3)
FNDA:7,(anonymous_4)
FNDA:7,(anonymous_5)
FNDA:7,(anonymous_6)
FNDA:7,(anonymous_7)
FNDA:1,(anonymous_8)
FNDA:1,(anonymous_9)
FNDA:1,(anonymous_10)
FNDA:1,(anonymous_11)
FNDA:1,(anonymous_12)
FNDA:1,(anonymous_13)
FNDA:1,(anonymous_14)
FNDA:1,(anonymous_15)
FNDA:6,(anonymous_16)
FNDA:6,(anonymous_17)
FNDA:5,(anonymous_18)
FNDA:5,(anonymous_19)
DA:4,2
DA:5,2
DA:7,2
DA:10,5
DA:12,5
DA:16,5
DA:18,5
DA:20,5
DA:22,5
DA:23,5
DA:24,5
DA:30,7
DA:34,7
DA:37,7
DA:40,7
DA:44,7
DA:45,7
DA:46,7
DA:47,7
DA:54,2
DA:56,1
DA:58,1
DA:60,1
DA:62,1
DA:63,1
DA:64,1
DA:65,1
DA:71,2
DA:75,1
DA:77,1
DA:78,1
DA:80,1
DA:81,1
DA:82,1
DA:83,1
DA:84,1
DA:90,6
DA:94,6
DA:96,5
DA:97,5
DA:99,5
DA:100,5
DA:101,5
DA:102,5
DA:103,5
LF:45
LH:45
BRDA:37,0,0,0
BRDA:37,0,1,7
BRDA:45,1,0,0
BRDA:45,1,1,7
BRDA:58,2,0,0
BRDA:58,2,1,1
BRDA:63,3,0,0
BRDA:63,3,1,1
BRDA:77,4,0,0
BRDA:77,4,1,1
BRDA:81,5,0,0
BRDA:81,5,1,1
BRDA:96,6,0,0
BRDA:96,6,1,5
BRDA:100,7,0,0
BRDA:100,7,1,5
BRF:16
BRH:8
end_of_record
TN:
SF:/home/genaro/Desktop/304CEM/304CEM-BACKEND-DEVELOPMENT-GenaroBedenko-7060234/modules/recipes-controller.js
FN:7,(anonymous_0)
FN:10,(anonymous_1)
FN:11,(anonymous_2)
FN:19,(anonymous_3)
FN:22,(anonymous_4)
FN:23,(anonymous_5)
FN:31,(anonymous_6)
FN:34,(anonymous_7)
FN:35,(anonymous_8)
FN:45,(anonymous_9)
FN:48,(anonymous_10)
FN:49,(anonymous_11)
FN:57,(anonymous_12)
FN:60,(anonymous_13)
FN:61,(anonymous_14)
FNF:15
FNH:10
FNDA:1,(anonymous_0)
FNDA:1,(anonymous_1)
FNDA:0,(anonymous_2)
FNDA:1,(anonymous_3)
FNDA:1,(anonymous_4)
FNDA:0,(anonymous_5)
FNDA:1,(anonymous_6)
FNDA:1,(anonymous_7)
FNDA:0,(anonymous_8)
FNDA:1,(anonymous_9)
FNDA:1,(anonymous_10)
FNDA:0,(anonymous_11)
FNDA:1,(anonymous_12)
FNDA:1,(anonymous_13)
FNDA:0,(anonymous_14)
DA:1,1
DA:2,1
DA:4,1
DA:7,1
DA:9,1
DA:10,1
DA:11,0
DA:13,1
DA:15,1
DA:19,1
DA:21,1
DA:22,1
DA:23,0
DA:25,1
DA:27,1
DA:31,1
DA:33,1
DA:34,1
DA:35,0
DA:38,1
DA:41,1
DA:45,1
DA:47,1
DA:48,1
DA:49,0
DA:51,1
DA:53,1
DA:57,1
DA:59,1
DA:60,1
DA:61,0
DA:63,1
DA:65,1
LF:33
LH:28
BRF:0
BRH:0
end_of_record
