TN:
SF:/home/genaro/Desktop/304CEM/304CEM-BACKEND-DEVELOPMENT-GenaroBedenko-7060234/modules/images-controller.js
FN:7,(anonymous_0)
FN:10,(anonymous_1)
FN:18,(anonymous_2)
FN:21,(anonymous_3)
FN:29,(anonymous_4)
FN:32,(anonymous_5)
FN:42,(anonymous_6)
FN:45,(anonymous_7)
FN:53,(anonymous_8)
FN:56,(anonymous_9)
FNF:10
FNH:10
FNDA:1,(anonymous_0)
FNDA:1,(anonymous_1)
FNDA:1,(anonymous_2)
FNDA:1,(anonymous_3)
FNDA:1,(anonymous_4)
FNDA:1,(anonymous_5)
FNDA:1,(anonymous_6)
FNDA:1,(anonymous_7)
FNDA:1,(anonymous_8)
FNDA:1,(anonymous_9)
DA:1,1
DA:2,1
DA:4,1
DA:7,1
DA:9,1
DA:10,1
DA:12,1
DA:14,1
DA:18,1
DA:20,1
DA:21,1
DA:23,1
DA:25,1
DA:29,1
DA:31,1
DA:32,1
DA:35,1
DA:38,1
DA:42,1
DA:44,1
DA:45,1
DA:47,1
DA:49,1
DA:53,1
DA:55,1
DA:56,1
DA:58,1
DA:60,1
LF:28
LH:28
BRF:0
BRH:0
end_of_record
TN:
SF:/home/genaro/Desktop/304CEM/304CEM-BACKEND-DEVELOPMENT-GenaroBedenko-7060234/modules/logins-controller.js
FN:7,(anonymous_0)
FN:10,(anonymous_1)
FN:18,(anonymous_2)
FN:21,(anonymous_3)
FN:29,(anonymous_4)
FN:32,(anonymous_5)
FN:42,(anonymous_6)
FN:45,(anonymous_7)
FN:53,(anonymous_8)
FN:56,(anonymous_9)
FNF:10
FNH:10
FNDA:1,(anonymous_0)
FNDA:1,(anonymous_1)
FNDA:1,(anonymous_2)
FNDA:1,(anonymous_3)
FNDA:1,(anonymous_4)
FNDA:1,(anonymous_5)
FNDA:1,(anonymous_6)
FNDA:1,(anonymous_7)
FNDA:1,(anonymous_8)
FNDA:1,(anonymous_9)
DA:1,1
DA:2,1
DA:4,1
DA:7,1
DA:9,1
DA:10,1
DA:12,1
DA:14,1
DA:18,1
DA:20,1
DA:21,1
DA:23,1
DA:25,1
DA:29,1
DA:31,1
DA:32,1
DA:35,1
DA:38,1
DA:42,1
DA:44,1
DA:45,1
DA:47,1
DA:49,1
DA:53,1
DA:55,1
DA:56,1
DA:58,1
DA:60,1
LF:28
LH:28
BRF:0
BRH:0
end_of_record
TN:
SF:/home/genaro/Desktop/304CEM/304CEM-BACKEND-DEVELOPMENT-GenaroBedenko-7060234/modules/mongodb-database.js
FN:10,(anonymous_0)
FN:10,(anonymous_1)
FN:16,(anonymous_2)
FN:20,(anonymous_3)
FN:30,(anonymous_4)
FN:30,(anonymous_5)
FN:34,(anonymous_6)
FN:41,(anonymous_7)
FN:51,(anonymous_8)
FN:51,(anonymous_9)
FN:53,(anonymous_10)
FN:57,(anonymous_11)
FN:66,(anonymous_12)
FN:66,(anonymous_13)
FN:70,(anonymous_14)
FN:74,(anonymous_15)
FN:84,(anonymous_16)
FN:84,(anonymous_17)
FN:88,(anonymous_18)
FN:92,(anonymous_19)
FNF:20
FNH:20
FNDA:5,(anonymous_0)
FNDA:5,(anonymous_1)
FNDA:5,(anonymous_2)
FNDA:5,(anonymous_3)
FNDA:7,(anonymous_4)
FNDA:7,(anonymous_5)
FNDA:7,(anonymous_6)
FNDA:7,(anonymous_7)
FNDA:1,(anonymous_8)
FNDA:1,(anonymous_9)
FNDA:1,(anonymous_10)
FNDA:1,(anonymous_11)
FNDA:1,(anonymous_12)
FNDA:1,(anonymous_13)
FNDA:1,(anonymous_14)
FNDA:1,(anonymous_15)
FNDA:6,(anonymous_16)
FNDA:6,(anonymous_17)
FNDA:5,(anonymous_18)
FNDA:5,(anonymous_19)
DA:4,7
DA:5,7
DA:7,7
DA:10,7
DA:12,5
DA:16,5
DA:18,5
DA:20,5
DA:22,5
DA:23,5
DA:24,5
DA:30,7
DA:34,7
DA:37,7
DA:41,7
DA:43,7
DA:44,7
DA:51,7
DA:53,1
DA:55,1
DA:57,1
DA:59,1
DA:60,1
DA:66,7
DA:70,1
DA:72,1
DA:74,1
DA:76,1
DA:77,1
DA:78,1
DA:84,7
DA:88,6
DA:90,5
DA:92,5
DA:94,5
DA:95,5
DA:96,5
LF:37
LH:37
BRF:0
BRH:0
end_of_record
TN:
SF:/home/genaro/Desktop/304CEM/304CEM-BACKEND-DEVELOPMENT-GenaroBedenko-7060234/modules/notifications-controller.js
FN:7,(anonymous_0)
FN:10,(anonymous_1)
FN:18,(anonymous_2)
FN:21,(anonymous_3)
FN:29,(anonymous_4)
FN:32,(anonymous_5)
FN:42,(anonymous_6)
FN:45,(anonymous_7)
FN:53,(anonymous_8)
FN:56,(anonymous_9)
FNF:10
FNH:10
FNDA:1,(anonymous_0)
FNDA:1,(anonymous_1)
FNDA:1,(anonymous_2)
FNDA:1,(anonymous_3)
FNDA:1,(anonymous_4)
FNDA:1,(anonymous_5)
FNDA:1,(anonymous_6)
FNDA:1,(anonymous_7)
FNDA:1,(anonymous_8)
FNDA:1,(anonymous_9)
DA:1,1
DA:2,1
DA:4,1
DA:7,1
DA:9,1
DA:10,1
DA:12,1
DA:14,1
DA:18,1
DA:20,1
DA:21,1
DA:23,1
DA:25,1
DA:29,1
DA:31,1
DA:32,1
DA:35,1
DA:38,1
DA:42,1
DA:44,1
DA:45,1
DA:47,1
DA:49,1
DA:53,1
DA:55,1
DA:56,1
DA:58,1
DA:60,1
LF:28
LH:28
BRF:0
BRH:0
end_of_record
TN:
SF:/home/genaro/Desktop/304CEM/304CEM-BACKEND-DEVELOPMENT-GenaroBedenko-7060234/modules/ratings-controller.js
FN:7,(anonymous_0)
FN:10,(anonymous_1)
FN:18,(anonymous_2)
FN:21,(anonymous_3)
FN:29,(anonymous_4)
FN:32,(anonymous_5)
FN:42,(anonymous_6)
FN:45,(anonymous_7)
FN:53,(anonymous_8)
FN:56,(anonymous_9)
FNF:10
FNH:10
FNDA:1,(anonymous_0)
FNDA:1,(anonymous_1)
FNDA:1,(anonymous_2)
FNDA:1,(anonymous_3)
FNDA:1,(anonymous_4)
FNDA:1,(anonymous_5)
FNDA:1,(anonymous_6)
FNDA:1,(anonymous_7)
FNDA:1,(anonymous_8)
FNDA:1,(anonymous_9)
DA:1,1
DA:2,1
DA:4,1
DA:7,1
DA:9,1
DA:10,1
DA:12,1
DA:14,1
DA:18,1
DA:20,1
DA:21,1
DA:23,1
DA:25,1
DA:29,1
DA:31,1
DA:32,1
DA:35,1
DA:38,1
DA:42,1
DA:44,1
DA:45,1
DA:47,1
DA:49,1
DA:53,1
DA:55,1
DA:56,1
DA:58,1
DA:60,1
LF:28
LH:28
BRF:0
BRH:0
end_of_record
TN:
SF:/home/genaro/Desktop/304CEM/304CEM-BACKEND-DEVELOPMENT-GenaroBedenko-7060234/modules/recipes-controller.js
FN:7,(anonymous_0)
FN:10,(anonymous_1)
FN:18,(anonymous_2)
FN:21,(anonymous_3)
FN:29,(anonymous_4)
FN:32,(anonymous_5)
FN:42,(anonymous_6)
FN:45,(anonymous_7)
FN:53,(anonymous_8)
FN:56,(anonymous_9)
FNF:10
FNH:10
FNDA:1,(anonymous_0)
FNDA:1,(anonymous_1)
FNDA:1,(anonymous_2)
FNDA:1,(anonymous_3)
FNDA:1,(anonymous_4)
FNDA:1,(anonymous_5)
FNDA:1,(anonymous_6)
FNDA:1,(anonymous_7)
FNDA:1,(anonymous_8)
FNDA:1,(anonymous_9)
DA:1,1
DA:2,1
DA:4,1
DA:7,1
DA:9,1
DA:10,1
DA:12,1
DA:14,1
DA:18,1
DA:20,1
DA:21,1
DA:23,1
DA:25,1
DA:29,1
DA:31,1
DA:32,1
DA:35,1
DA:38,1
DA:42,1
DA:44,1
DA:45,1
DA:47,1
DA:49,1
DA:53,1
DA:55,1
DA:56,1
DA:58,1
DA:60,1
LF:28
LH:28
BRF:0
BRH:0
end_of_record
TN:
SF:/home/genaro/Desktop/304CEM/304CEM-BACKEND-DEVELOPMENT-GenaroBedenko-7060234/modules/users-controller.js
FN:7,(anonymous_0)
FN:10,(anonymous_1)
FN:18,(anonymous_2)
FN:21,(anonymous_3)
FN:29,(anonymous_4)
FN:32,(anonymous_5)
FN:42,(anonymous_6)
FN:45,(anonymous_7)
FN:53,(anonymous_8)
FN:56,(anonymous_9)
FNF:10
FNH:10
FNDA:1,(anonymous_0)
FNDA:1,(anonymous_1)
FNDA:1,(anonymous_2)
FNDA:1,(anonymous_3)
FNDA:1,(anonymous_4)
FNDA:1,(anonymous_5)
FNDA:1,(anonymous_6)
FNDA:1,(anonymous_7)
FNDA:1,(anonymous_8)
FNDA:1,(anonymous_9)
DA:1,1
DA:2,1
DA:4,1
DA:7,1
DA:9,1
DA:10,1
DA:12,1
DA:14,1
DA:18,1
DA:20,1
DA:21,1
DA:23,1
DA:25,1
DA:29,1
DA:31,1
DA:32,1
DA:35,1
DA:38,1
DA:42,1
DA:44,1
DA:45,1
DA:47,1
DA:49,1
DA:53,1
DA:55,1
DA:56,1
DA:58,1
DA:60,1
LF:28
LH:28
BRF:0
BRH:0
end_of_record
